


ARM Macro Assembler    Page 1 


    1 00000000         #line   1                "..\\..\\..\\..\\os\\CortexM0_M
7\\tn_port_CortexM0_M7_asm.S"
    1 00000000         
    2 00000000         
    3 00000000         
    4 00000000         
    5 00000000         
    6 00000000         
    7 00000000         
    8 00000000         
    9 00000000         
   10 00000000         
   11 00000000         
   12 00000000         
   13 00000000         
   14 00000000         
   15 00000000         
   16 00000000         
   17 00000000         
   18 00000000         
   19 00000000         
   20 00000000         
   21 00000000         
   22 00000000         
   23 00000000         
   24 00000000         
   25 00000000         
   26 00000000         
   27 00000000         
   28 00000000         
   29 00000000         
   30 00000000         #line   1                "..\\tn_config.h"
    1 00000000         
    2 00000000         
    3 00000000         
    4 00000000         
    5 00000000         
    6 00000000         
    7 00000000         
    8 00000000         
    9 00000000         
   10 00000000         
   11 00000000         
   12 00000000         
   13 00000000         
   14 00000000         
   15 00000000         
   16 00000000         
   17 00000000         
   18 00000000         
   19 00000000         
   20 00000000         
   21 00000000         
   22 00000000         
   23 00000000         
   24 00000000         
   25 00000000         
   26 00000000         
   27 00000000         



ARM Macro Assembler    Page 2 


   28 00000000         
   29 00000000         
   30 00000000         
   31 00000000         
   32 00000000         
   33 00000000         
   34 00000000         
   35 00000000         
   36 00000000         
   37 00000000         
   38 00000000         
   39 00000000         
   40 00000000         
   41 00000000         
   42 00000000         
   43 00000000         
   44 00000000         
   45 00000000         
   46 00000000         
   47 00000000         
   48 00000000         
   49 00000000         
   50 00000000         
   51 00000000         
   52 00000000         
   53 00000000         
   54 00000000         
   55 00000000         
   56 00000000         
   57 00000000         
   58 00000000         
   59 00000000         
   60 00000000         
   61 00000000         
   62 00000000         
   63 00000000         
   64 00000000         
   65 00000000         
   66 00000000         
   67 00000000         
   68 00000000         
   69 00000000         
   70 00000000         
   71 00000000         
   72 00000000         #line   31               "..\\..\\..\\..\\os\\CortexM0_M
7\\tn_port_CortexM0_M7_asm.S"
   31 00000000         
   32 00000000         
   33 00000000         
   34 00000000         #line   43               "..\\..\\..\\..\\os\\CortexM0_M
7\\tn_port_CortexM0_M7_asm.S"
   43 00000000         
   44 00000000         #line   71               "..\\..\\..\\..\\os\\CortexM0_M
7\\tn_port_CortexM0_M7_asm.S"
   71 00000000         
   72 00000000         
   73 00000000         
   74 00000000         
   75 00000000                 AREA             |.text|, CODE, READONLY, ALIGN=



ARM Macro Assembler    Page 3 


3
   76 00000000                 THUMB
   77 00000000                 REQUIRE8
   78 00000000                 PRESERVE8
   79 00000000         
   80 00000000         #line   102              "..\\..\\..\\..\\os\\CortexM0_M
7\\tn_port_CortexM0_M7_asm.S"
  102 00000000         
  103 00000000         
  104 00000000         
  105 00000000         
  106 00000000                 IMPORT           tn_curr_run_task
  107 00000000                 IMPORT           tn_next_task_to_run
  108 00000000                 IMPORT           tn_system_state
  109 00000000                 IMPORT           tn_func_exit_stack_start
  110 00000000                 IMPORT           delete_task_resources
  111 00000000                 IMPORT           tn_reset_idle_task_stack
  112 00000000                 IMPORT           tn_check_stack
  113 00000000                 IMPORT           tn_idle_task
  114 00000000         
  115 00000000         
  116 00000000         
  117 00000000                 EXPORT           tn_task_exit_asm
  118 00000000                 EXPORT           tn_switch_context
  119 00000000                 EXPORT           tn_cpu_save_sr
  120 00000000                 EXPORT           tn_cpu_restore_sr
  121 00000000                 EXPORT           tn_start_exe
  122 00000000                 EXPORT           tn_chk_irq_disabled
  123 00000000                 EXPORT           PendSV_Handler
  124 00000000                 EXPORT           tn_int_exit
  125 00000000                 EXPORT           ffs_asm
  126 00000000                 EXPORT           tn_func_to_ul_1
  127 00000000                 EXPORT           tn_func_to_ul_2
  128 00000000                 EXPORT           tn_void_to_ul
  129 00000000                 EXPORT           tn_arm_disable_interrupts
  130 00000000                 EXPORT           tn_arm_enable_interrupts
  131 00000000                 EXPORT           tn_inside_int
  132 00000000                 EXPORT           do_delay
  133 00000000         
  134 00000000 E000ED04 
                       SC_ICSR EQU              0xE000ED04
  135 00000000 10000000 
                       bICSR_PENDSVSET
                               EQU              (1<<28)
  136 00000000         
  137 00000000         
  138 00000000         
  139 00000000 E000ED04 
                       ICSR_ADDR
                               EQU              0xE000ED04
  140 00000000         
  141 00000000         
  142 00000000         
  143 00000000 10000000 
                       PENDSVSET
                               EQU              0x10000000
  144 00000000         
  145 00000000         
  146 00000000         



ARM Macro Assembler    Page 4 


  147 00000000 E000ED20 
                       PR_12_15_ADDR
                               EQU              0xE000ED20
  148 00000000         
  149 00000000         
  150 00000000         #line   159              "..\\..\\..\\..\\os\\CortexM0_M
7\\tn_port_CortexM0_M7_asm.S"
  159 00000000         
  160 00000000         
  161 00000000         
  162 00000000 00FF0000 
                       PENDS_VPRIORITY
                               EQU              0x00FF0000
  163 00000000 000001FF 
                       VECTACTIVE
                               EQU              0x000001FF
  164 00000000         
  165 00000000         
  166 00000000         
  167 00000000         
  168 00000000         
  169 00000000 E000ED20 
                       PR_14_15_ADDR
                               EQU              0xE000ED20
  170 00000000         
  171 00000000         
  172 00000000         
  173 00000000         
  174 00000000         
  175 00000000         tn_start_exe
  176 00000000         
  177 00000000         #line   222              "..\\..\\..\\..\\os\\CortexM0_M
7\\tn_port_CortexM0_M7_asm.S"
  222 00000000         
  223 00000000 494B            ldr              r1, =PR_12_15_ADDR
  224 00000002 6808            ldr              r0, [r1]
  225 00000004 F440 007F       orr              r0, r0, #PENDS_VPRIORITY
  226 00000008 6008            str              r0, [r1]
  227 0000000A         
  228 0000000A 494A            ldr              r1, =tn_system_state
  229 0000000C F04F 0001       mov              r0, #1
  230 00000010 7008            strb             r0, [r1]
  231 00000012         
  232 00000012         
  233 00000012         
  234 00000012 4949            ldr              r1, =tn_curr_run_task
  235 00000014 680A            ldr              r2, [r1]
  236 00000016 6810            ldr              r0, [r2]
  237 00000018         
  238 00000018         
  239 00000018 E8B0 4FF0       ldmia            R0!, {R4-R11, LR}
  240 0000001C         
  241 0000001C         
  242 0000001C         
  243 0000001C F380 8809       msr              PSP, R0
  244 00000020         
  245 00000020 4946            ldr              R1, =SC_ICSR
  246 00000022 F04F 5080       ldr              R0, =bICSR_PENDSVSET
  247 00000026 6008            str              R0, [R1]



ARM Macro Assembler    Page 5 


  248 00000028         
  249 00000028 2000            movs             R0, #0
  250 0000002A F380 8814       msr              CONTROL, R0
  251 0000002E F3BF 8F6F       isb
  252 00000032 B663            cpsie            IF
  253 00000034 E7FE            b                .
  254 00000036         
  255 00000036         
  256 00000036         
  257 00000036         
  258 00000036         PendSV_Handler
  259 00000036         
  260 00000036         #line   316              "..\\..\\..\\..\\os\\CortexM0_M
7\\tn_port_CortexM0_M7_asm.S"
  316 00000036 B672            cpsid            I
  317 00000038         
  318 00000038 4B3F            ldr              r3, =tn_curr_run_task
  319 0000003A 6819            ldr              r1, [r3]
  320 0000003C 4A40            ldr              r2, =tn_next_task_to_run
  321 0000003E 6812            ldr              r2, [r2]
  322 00000040 4291            cmp              r1, r2
  323 00000042 D025            beq              exit_context_switch
  324 00000044         
  325 00000044         
  326 00000044         
  327 00000044         
  328 00000044 B500            push             {LR}
  329 00000046         
  330 00000046         
  331 00000046         
  332 00000046 4610            mov              r0,   r2
  333 00000048 493E            LDR              R1, =tn_check_stack
  334 0000004A 4788            BLX              R1
  335 0000004C         
  336 0000004C         
  337 0000004C         
  338 0000004C         
  339 0000004C 4B3E            ldr              r3, =tn_idle_task
  340 0000004E         
  341 0000004E 4A3C            ldr              r2, =tn_next_task_to_run
  342 00000050 6812            ldr              r2, [r2]
  343 00000052 4293            cmp              r3, r2
  344 00000054 D101            bne              nrs_l0
  345 00000056         
  346 00000056 493D            LDR              R1, =tn_reset_idle_task_stack
  347 00000058 4788            BLX              R1
  348 0000005A         
  349 0000005A         nrs_l0
  350 0000005A         
  351 0000005A         
  352 0000005A         
  353 0000005A         
  354 0000005A BC01            pop              {r0}
  355 0000005C 4686            mov              lr, r0
  356 0000005E         
  357 0000005E 4B36            ldr              r3, =tn_curr_run_task
  358 00000060 6819            ldr              r1, [r3]
  359 00000062 4A37            ldr              r2, =tn_next_task_to_run
  360 00000064 6812            ldr              r2, [r2]



ARM Macro Assembler    Page 6 


  361 00000066         
  362 00000066         
  363 00000066         
  364 00000066         
  365 00000066 F3EF 8009       mrs              r0, psp
  366 0000006A         
  367 0000006A F01E 0F10       tst              LR, #0x10
  368 0000006E BF08            it               eq
  369 00000070 ED20 8A10       vstmdbeq         R0!, {S16-S31}
  370 00000074 E920 4FF0       stmdb            R0!, {R4-R11, LR}
  371 00000078         
  372 00000078         
  373 00000078         
  374 00000078         
  375 00000078 6008            str              r0, [r1]
  376 0000007A 601A            str              r2, [r3]
  377 0000007C 6810            ldr              r0, [r2]
  378 0000007E         
  379 0000007E E8B0 4FF0       ldmia            R0!, {R4-R11, LR}
  380 00000082 F01E 0F10       tst              LR, #0x10
  381 00000086 BF08            it               eq
  382 00000088 ECB0 8A10       vldmiaeq         R0!, {S16-S31}
  383 0000008C         
  384 0000008C         
  385 0000008C         
  386 0000008C         
  387 0000008C F380 8809       msr              psp, r0
  388 00000090         
  389 00000090         exit_context_switch
  390 00000090         
  391 00000090 F04E 0E04       orr              lr, lr, #0x04
  392 00000094 B662            cpsie            I
  393 00000096 4770            bx               lr
  394 00000098         
  395 00000098         
  396 00000098         
  397 00000098         
  398 00000098         
  399 00000098         tn_task_exit_asm
  400 00000098         
  401 00000098 4927            ldr              r1,  =tn_curr_run_task
  402 0000009A 680A            ldr              r2,  [r1]
  403 0000009C 4611            mov              r1,   r2
  404 0000009E         
  405 0000009E         
  406 0000009E         
  407 0000009E 482C            ldr              r0,  =tn_func_exit_stack_start
  408 000000A0 6800            ldr              r0,  [r0]
  409 000000A2         
  410 000000A2         
  411 000000A2 F380 8809       msr              psp, r0
  412 000000A6         #line   419              "..\\..\\..\\..\\os\\CortexM0_M
7\\tn_port_CortexM0_M7_asm.S"
  419 000000A6 F04E 0E04       orr              lr, lr, #0x04
  420 000000AA         
  421 000000AA 4610            mov              r0,   r2
  422 000000AC 4929            LDR              R1, =delete_task_resources
  423 000000AE 4788            BLX              R1
  424 000000B0         



ARM Macro Assembler    Page 7 


  425 000000B0         
  426 000000B0         
  427 000000B0 F3EF 8008       mrs              r0,  msp
  428 000000B4 3020            adds             r0,  r0, #32
  429 000000B6 F380 8808       msr              msp, r0
  430 000000BA         
  431 000000BA 2000            movs             r0,  #0
  432 000000BC F380 8814       msr              control, r0
  433 000000C0 F3BF 8F6F       isb
  434 000000C4         
  435 000000C4         
  436 000000C4         
  437 000000C4 491D            ldr              R1, =SC_ICSR
  438 000000C6 F04F 5080       ldr              R0, =bICSR_PENDSVSET
  439 000000CA 6008            str              R0,  [R1]
  440 000000CC B662            cpsie            I
  441 000000CE E7FE            b                .
  442 000000D0         
  443 000000D0         
  444 000000D0         
  445 000000D0         tn_switch_context
  446 000000D0         
  447 000000D0         
  448 000000D0         
  449 000000D0 491A            ldr              r1,  =ICSR_ADDR
  450 000000D2 F04F 5080       ldr              r0,  =PENDSVSET
  451 000000D6 6008            str              r0,  [r1]
  452 000000D8         
  453 000000D8 4770            bx               lr
  454 000000DA         
  455 000000DA         
  456 000000DA         
  457 000000DA         tn_int_exit
  458 000000DA         
  459 000000DA 4918            ldr              r1,  =ICSR_ADDR
  460 000000DC F04F 5080       ldr              r0,  =PENDSVSET
  461 000000E0 6008            str              r0,  [r1]
  462 000000E2         
  463 000000E2 4770            bx               lr
  464 000000E4         
  465 000000E4         
  466 000000E4         
  467 000000E4         tn_cpu_save_sr
  468 000000E4         
  469 000000E4 F3EF 8010       mrs              r0, PRIMASK
  470 000000E8 B672            cpsid            I
  471 000000EA 4770            bx               lr
  472 000000EC         
  473 000000EC         
  474 000000EC         
  475 000000EC         tn_cpu_restore_sr
  476 000000EC         
  477 000000EC F380 8810       msr              PRIMASK, r0
  478 000000F0 4770            bx               lr
  479 000000F2         
  480 000000F2         
  481 000000F2         
  482 000000F2         tn_chk_irq_disabled
  483 000000F2         



ARM Macro Assembler    Page 8 


  484 000000F2 F3EF 8010       mrs              r0,PRIMASK
  485 000000F6 4770            bx               lr
  486 000000F8         
  487 000000F8         
  488 000000F8         
  489 000000F8         ffs_asm
  490 000000F8         
  491 000000F8         
  492 000000F8         
  493 000000F8 4601            mov              r1, r0
  494 000000FA 4248            rsbs             r0, r1, #0
  495 000000FC 4008            ands             r0, r0, r1
  496 000000FE FAB0 F080       CLZ.W            r0, r0
  497 00000102 F1C0 0020       rsb              r0, r0, #0x20
  498 00000106         
  499 00000106 4770            bx               lr
  500 00000108         
  501 00000108         
  502 00000108         
  503 00000108         tn_func_to_ul_1
  504 00000108         
  505 00000108 4770            BX               LR
  506 0000010A         
  507 0000010A         
  508 0000010A         
  509 0000010A         tn_func_to_ul_2
  510 0000010A         
  511 0000010A 4770            BX               LR
  512 0000010C         
  513 0000010C         
  514 0000010C         
  515 0000010C         tn_void_to_ul
  516 0000010C         
  517 0000010C 4770            BX               LR
  518 0000010E         
  519 0000010E         
  520 0000010E         
  521 0000010E         tn_arm_disable_interrupts
  522 0000010E         
  523 0000010E B672            cpsid            I
  524 00000110 4770            bx               lr
  525 00000112         
  526 00000112         
  527 00000112         
  528 00000112         
  529 00000112         tn_arm_enable_interrupts
  530 00000112         
  531 00000112 B662            cpsie            I
  532 00000114 4770            bx               lr
  533 00000116         
  534 00000116         
  535 00000116         
  536 00000116         tn_inside_int
  537 00000116         
  538 00000116 F3EF 8005       MRS              R0, IPSR
  539 0000011A         
  540 0000011A         
  541 0000011A         
  542 0000011A         



ARM Macro Assembler    Page 9 


  543 0000011A 05C0            LSLS             R0, R0, #23
  544 0000011C         
  545 0000011C D001            BEQ              tn_inside_int_0
  546 0000011E         
  547 0000011E 2001            MOVS             R0, #1
  548 00000120 4770            BX               LR
  549 00000122         
  550 00000122         tn_inside_int_0
  551 00000122         
  552 00000122 2000            MOVS             R0, #0
  553 00000124 4770            BX               LR
  554 00000126         
  555 00000126         
  556 00000126         
  557 00000126         do_delay
  558 00000126         
  559 00000126         
  560 00000126         
  561 00000126         
  562 00000126         
  563 00000126 1E40            SUBS             R0, R0, #1
  564 00000128 2800            CMP              R0, #0
  565 0000012A D1FE            BNE.N            do_delay
  566 0000012C         
  567 0000012C 4770            bx               lr
  568 0000012E         
  569 0000012E         
  570 0000012E         
  571 0000012E BF00            nop
  572 00000130         
  573 00000130         
  574 00000130                 END
              E000ED20 
              00000000 
              00000000 
              E000ED04 
              00000000 
              00000000 
              00000000 
              00000000 
              00000000 
              00000000 
Command Line: --debug --xref --cpreproc --diag_suppress=9931 --cpu=Cortex-M4.fp
 --apcs=interwork --depend=.\objects\tn_port_cortexm0_m7_asm.d -o.\objects\tn_p
ort_cortexm0_m7_asm.o -I.. -I.\RTE\_Nucleo -Id:\tools\Keil_v5_25\ARM\PACK\Keil\
STM32F4xx_DFP\2.13.0\Drivers\CMSIS\Device\ST\STM32F4xx\Include -Ig:\tools\Keil_
v5_25\ARM\CMSIS\Include --predefine="__MICROLIB SETA 1" --predefine="__UVISION_
VERSION SETA 525" --predefine="STM32F446xx SETA 1" --list=.\listings\tn_port_co
rtexm0_m7_asm.lst ..\..\..\..\os\CortexM0_M7\tn_port_CortexM0_M7_asm.S



ARM Macro Assembler    Page 1 Alphabetic symbol ordering
Relocatable symbols

.text 00000000

Symbol: .text
   Definitions
      At line 75 in file ..\\..\\..\\..\\os\\CortexM0_M7\\tn_port_CortexM0_M7_a
sm.S
   Uses
      None
Comment: .text unused
PendSV_Handler 00000036

Symbol: PendSV_Handler
   Definitions
      At line 258 in file ..\\..\\..\\..\\os\\CortexM0_M7\\tn_port_CortexM0_M7_
asm.S
   Uses
      At line 123 in file ..\\..\\..\\..\\os\\CortexM0_M7\\tn_port_CortexM0_M7_
asm.S
Comment: PendSV_Handler used once
do_delay 00000126

Symbol: do_delay
   Definitions
      At line 557 in file ..\\..\\..\\..\\os\\CortexM0_M7\\tn_port_CortexM0_M7_
asm.S
   Uses
      At line 132 in file ..\\..\\..\\..\\os\\CortexM0_M7\\tn_port_CortexM0_M7_
asm.S
      At line 565 in file ..\\..\\..\\..\\os\\CortexM0_M7\\tn_port_CortexM0_M7_
asm.S

exit_context_switch 00000090

Symbol: exit_context_switch
   Definitions
      At line 389 in file ..\\..\\..\\..\\os\\CortexM0_M7\\tn_port_CortexM0_M7_
asm.S
   Uses
      At line 323 in file ..\\..\\..\\..\\os\\CortexM0_M7\\tn_port_CortexM0_M7_
asm.S
Comment: exit_context_switch used once
ffs_asm 000000F8

Symbol: ffs_asm
   Definitions
      At line 489 in file ..\\..\\..\\..\\os\\CortexM0_M7\\tn_port_CortexM0_M7_
asm.S
   Uses
      At line 125 in file ..\\..\\..\\..\\os\\CortexM0_M7\\tn_port_CortexM0_M7_
asm.S
Comment: ffs_asm used once
nrs_l0 0000005A

Symbol: nrs_l0
   Definitions
      At line 349 in file ..\\..\\..\\..\\os\\CortexM0_M7\\tn_port_CortexM0_M7_
asm.S
   Uses
      At line 344 in file ..\\..\\..\\..\\os\\CortexM0_M7\\tn_port_CortexM0_M7_



ARM Macro Assembler    Page 2 Alphabetic symbol ordering
Relocatable symbols

asm.S
Comment: nrs_l0 used once
tn_arm_disable_interrupts 0000010E

Symbol: tn_arm_disable_interrupts
   Definitions
      At line 521 in file ..\\..\\..\\..\\os\\CortexM0_M7\\tn_port_CortexM0_M7_
asm.S
   Uses
      At line 129 in file ..\\..\\..\\..\\os\\CortexM0_M7\\tn_port_CortexM0_M7_
asm.S
Comment: tn_arm_disable_interrupts used once
tn_arm_enable_interrupts 00000112

Symbol: tn_arm_enable_interrupts
   Definitions
      At line 529 in file ..\\..\\..\\..\\os\\CortexM0_M7\\tn_port_CortexM0_M7_
asm.S
   Uses
      At line 130 in file ..\\..\\..\\..\\os\\CortexM0_M7\\tn_port_CortexM0_M7_
asm.S
Comment: tn_arm_enable_interrupts used once
tn_chk_irq_disabled 000000F2

Symbol: tn_chk_irq_disabled
   Definitions
      At line 482 in file ..\\..\\..\\..\\os\\CortexM0_M7\\tn_port_CortexM0_M7_
asm.S
   Uses
      At line 122 in file ..\\..\\..\\..\\os\\CortexM0_M7\\tn_port_CortexM0_M7_
asm.S
Comment: tn_chk_irq_disabled used once
tn_cpu_restore_sr 000000EC

Symbol: tn_cpu_restore_sr
   Definitions
      At line 475 in file ..\\..\\..\\..\\os\\CortexM0_M7\\tn_port_CortexM0_M7_
asm.S
   Uses
      At line 120 in file ..\\..\\..\\..\\os\\CortexM0_M7\\tn_port_CortexM0_M7_
asm.S
Comment: tn_cpu_restore_sr used once
tn_cpu_save_sr 000000E4

Symbol: tn_cpu_save_sr
   Definitions
      At line 467 in file ..\\..\\..\\..\\os\\CortexM0_M7\\tn_port_CortexM0_M7_
asm.S
   Uses
      At line 119 in file ..\\..\\..\\..\\os\\CortexM0_M7\\tn_port_CortexM0_M7_
asm.S
Comment: tn_cpu_save_sr used once
tn_func_to_ul_1 00000108

Symbol: tn_func_to_ul_1
   Definitions
      At line 503 in file ..\\..\\..\\..\\os\\CortexM0_M7\\tn_port_CortexM0_M7_
asm.S
   Uses



ARM Macro Assembler    Page 3 Alphabetic symbol ordering
Relocatable symbols

      At line 126 in file ..\\..\\..\\..\\os\\CortexM0_M7\\tn_port_CortexM0_M7_
asm.S
Comment: tn_func_to_ul_1 used once
tn_func_to_ul_2 0000010A

Symbol: tn_func_to_ul_2
   Definitions
      At line 509 in file ..\\..\\..\\..\\os\\CortexM0_M7\\tn_port_CortexM0_M7_
asm.S
   Uses
      At line 127 in file ..\\..\\..\\..\\os\\CortexM0_M7\\tn_port_CortexM0_M7_
asm.S
Comment: tn_func_to_ul_2 used once
tn_inside_int 00000116

Symbol: tn_inside_int
   Definitions
      At line 536 in file ..\\..\\..\\..\\os\\CortexM0_M7\\tn_port_CortexM0_M7_
asm.S
   Uses
      At line 131 in file ..\\..\\..\\..\\os\\CortexM0_M7\\tn_port_CortexM0_M7_
asm.S
Comment: tn_inside_int used once
tn_inside_int_0 00000122

Symbol: tn_inside_int_0
   Definitions
      At line 550 in file ..\\..\\..\\..\\os\\CortexM0_M7\\tn_port_CortexM0_M7_
asm.S
   Uses
      At line 545 in file ..\\..\\..\\..\\os\\CortexM0_M7\\tn_port_CortexM0_M7_
asm.S
Comment: tn_inside_int_0 used once
tn_int_exit 000000DA

Symbol: tn_int_exit
   Definitions
      At line 457 in file ..\\..\\..\\..\\os\\CortexM0_M7\\tn_port_CortexM0_M7_
asm.S
   Uses
      At line 124 in file ..\\..\\..\\..\\os\\CortexM0_M7\\tn_port_CortexM0_M7_
asm.S
Comment: tn_int_exit used once
tn_start_exe 00000000

Symbol: tn_start_exe
   Definitions
      At line 175 in file ..\\..\\..\\..\\os\\CortexM0_M7\\tn_port_CortexM0_M7_
asm.S
   Uses
      At line 121 in file ..\\..\\..\\..\\os\\CortexM0_M7\\tn_port_CortexM0_M7_
asm.S
Comment: tn_start_exe used once
tn_switch_context 000000D0

Symbol: tn_switch_context
   Definitions
      At line 445 in file ..\\..\\..\\..\\os\\CortexM0_M7\\tn_port_CortexM0_M7_
asm.S



ARM Macro Assembler    Page 4 Alphabetic symbol ordering
Relocatable symbols

   Uses
      At line 118 in file ..\\..\\..\\..\\os\\CortexM0_M7\\tn_port_CortexM0_M7_
asm.S
Comment: tn_switch_context used once
tn_task_exit_asm 00000098

Symbol: tn_task_exit_asm
   Definitions
      At line 399 in file ..\\..\\..\\..\\os\\CortexM0_M7\\tn_port_CortexM0_M7_
asm.S
   Uses
      At line 117 in file ..\\..\\..\\..\\os\\CortexM0_M7\\tn_port_CortexM0_M7_
asm.S
Comment: tn_task_exit_asm used once
tn_void_to_ul 0000010C

Symbol: tn_void_to_ul
   Definitions
      At line 515 in file ..\\..\\..\\..\\os\\CortexM0_M7\\tn_port_CortexM0_M7_
asm.S
   Uses
      At line 128 in file ..\\..\\..\\..\\os\\CortexM0_M7\\tn_port_CortexM0_M7_
asm.S
Comment: tn_void_to_ul used once
20 symbols



ARM Macro Assembler    Page 1 Alphabetic symbol ordering
Absolute symbols

ICSR_ADDR E000ED04

Symbol: ICSR_ADDR
   Definitions
      At line 139 in file ..\\..\\..\\..\\os\\CortexM0_M7\\tn_port_CortexM0_M7_
asm.S
   Uses
      At line 449 in file ..\\..\\..\\..\\os\\CortexM0_M7\\tn_port_CortexM0_M7_
asm.S
      At line 459 in file ..\\..\\..\\..\\os\\CortexM0_M7\\tn_port_CortexM0_M7_
asm.S

PENDSVSET 10000000

Symbol: PENDSVSET
   Definitions
      At line 143 in file ..\\..\\..\\..\\os\\CortexM0_M7\\tn_port_CortexM0_M7_
asm.S
   Uses
      At line 450 in file ..\\..\\..\\..\\os\\CortexM0_M7\\tn_port_CortexM0_M7_
asm.S
      At line 460 in file ..\\..\\..\\..\\os\\CortexM0_M7\\tn_port_CortexM0_M7_
asm.S

PENDS_VPRIORITY 00FF0000

Symbol: PENDS_VPRIORITY
   Definitions
      At line 162 in file ..\\..\\..\\..\\os\\CortexM0_M7\\tn_port_CortexM0_M7_
asm.S
   Uses
      At line 225 in file ..\\..\\..\\..\\os\\CortexM0_M7\\tn_port_CortexM0_M7_
asm.S
Comment: PENDS_VPRIORITY used once
PR_12_15_ADDR E000ED20

Symbol: PR_12_15_ADDR
   Definitions
      At line 147 in file ..\\..\\..\\..\\os\\CortexM0_M7\\tn_port_CortexM0_M7_
asm.S
   Uses
      At line 223 in file ..\\..\\..\\..\\os\\CortexM0_M7\\tn_port_CortexM0_M7_
asm.S
Comment: PR_12_15_ADDR used once
PR_14_15_ADDR E000ED20

Symbol: PR_14_15_ADDR
   Definitions
      At line 169 in file ..\\..\\..\\..\\os\\CortexM0_M7\\tn_port_CortexM0_M7_
asm.S
   Uses
      None
Comment: PR_14_15_ADDR unused
SC_ICSR E000ED04

Symbol: SC_ICSR
   Definitions
      At line 134 in file ..\\..\\..\\..\\os\\CortexM0_M7\\tn_port_CortexM0_M7_
asm.S



ARM Macro Assembler    Page 2 Alphabetic symbol ordering
Absolute symbols

   Uses
      At line 245 in file ..\\..\\..\\..\\os\\CortexM0_M7\\tn_port_CortexM0_M7_
asm.S
      At line 437 in file ..\\..\\..\\..\\os\\CortexM0_M7\\tn_port_CortexM0_M7_
asm.S

VECTACTIVE 000001FF

Symbol: VECTACTIVE
   Definitions
      At line 163 in file ..\\..\\..\\..\\os\\CortexM0_M7\\tn_port_CortexM0_M7_
asm.S
   Uses
      None
Comment: VECTACTIVE unused
bICSR_PENDSVSET 10000000

Symbol: bICSR_PENDSVSET
   Definitions
      At line 135 in file ..\\..\\..\\..\\os\\CortexM0_M7\\tn_port_CortexM0_M7_
asm.S
   Uses
      At line 246 in file ..\\..\\..\\..\\os\\CortexM0_M7\\tn_port_CortexM0_M7_
asm.S
      At line 438 in file ..\\..\\..\\..\\os\\CortexM0_M7\\tn_port_CortexM0_M7_
asm.S

8 symbols



ARM Macro Assembler    Page 1 Alphabetic symbol ordering
External symbols

delete_task_resources 00000000

Symbol: delete_task_resources
   Definitions
      At line 110 in file ..\\..\\..\\..\\os\\CortexM0_M7\\tn_port_CortexM0_M7_
asm.S
   Uses
      At line 422 in file ..\\..\\..\\..\\os\\CortexM0_M7\\tn_port_CortexM0_M7_
asm.S
Comment: delete_task_resources used once
tn_check_stack 00000000

Symbol: tn_check_stack
   Definitions
      At line 112 in file ..\\..\\..\\..\\os\\CortexM0_M7\\tn_port_CortexM0_M7_
asm.S
   Uses
      At line 333 in file ..\\..\\..\\..\\os\\CortexM0_M7\\tn_port_CortexM0_M7_
asm.S
Comment: tn_check_stack used once
tn_curr_run_task 00000000

Symbol: tn_curr_run_task
   Definitions
      At line 106 in file ..\\..\\..\\..\\os\\CortexM0_M7\\tn_port_CortexM0_M7_
asm.S
   Uses
      At line 234 in file ..\\..\\..\\..\\os\\CortexM0_M7\\tn_port_CortexM0_M7_
asm.S
      At line 318 in file ..\\..\\..\\..\\os\\CortexM0_M7\\tn_port_CortexM0_M7_
asm.S
      At line 357 in file ..\\..\\..\\..\\os\\CortexM0_M7\\tn_port_CortexM0_M7_
asm.S
      At line 401 in file ..\\..\\..\\..\\os\\CortexM0_M7\\tn_port_CortexM0_M7_
asm.S

tn_func_exit_stack_start 00000000

Symbol: tn_func_exit_stack_start
   Definitions
      At line 109 in file ..\\..\\..\\..\\os\\CortexM0_M7\\tn_port_CortexM0_M7_
asm.S
   Uses
      At line 407 in file ..\\..\\..\\..\\os\\CortexM0_M7\\tn_port_CortexM0_M7_
asm.S
Comment: tn_func_exit_stack_start used once
tn_idle_task 00000000

Symbol: tn_idle_task
   Definitions
      At line 113 in file ..\\..\\..\\..\\os\\CortexM0_M7\\tn_port_CortexM0_M7_
asm.S
   Uses
      At line 339 in file ..\\..\\..\\..\\os\\CortexM0_M7\\tn_port_CortexM0_M7_
asm.S
Comment: tn_idle_task used once
tn_next_task_to_run 00000000

Symbol: tn_next_task_to_run



ARM Macro Assembler    Page 2 Alphabetic symbol ordering
External symbols

   Definitions
      At line 107 in file ..\\..\\..\\..\\os\\CortexM0_M7\\tn_port_CortexM0_M7_
asm.S
   Uses
      At line 320 in file ..\\..\\..\\..\\os\\CortexM0_M7\\tn_port_CortexM0_M7_
asm.S
      At line 341 in file ..\\..\\..\\..\\os\\CortexM0_M7\\tn_port_CortexM0_M7_
asm.S
      At line 359 in file ..\\..\\..\\..\\os\\CortexM0_M7\\tn_port_CortexM0_M7_
asm.S

tn_reset_idle_task_stack 00000000

Symbol: tn_reset_idle_task_stack
   Definitions
      At line 111 in file ..\\..\\..\\..\\os\\CortexM0_M7\\tn_port_CortexM0_M7_
asm.S
   Uses
      At line 346 in file ..\\..\\..\\..\\os\\CortexM0_M7\\tn_port_CortexM0_M7_
asm.S
Comment: tn_reset_idle_task_stack used once
tn_system_state 00000000

Symbol: tn_system_state
   Definitions
      At line 108 in file ..\\..\\..\\..\\os\\CortexM0_M7\\tn_port_CortexM0_M7_
asm.S
   Uses
      At line 228 in file ..\\..\\..\\..\\os\\CortexM0_M7\\tn_port_CortexM0_M7_
asm.S
Comment: tn_system_state used once
8 symbols
372 symbols in table
